0 info it worked if it ends with ok
1 verbose cli [ 'c:\\Program Files\\nodejs\\node.exe',
1 verbose cli   'c:\\Program Files\\nodejs\\node_modules\\npm\\bin\\npm-cli.js',
1 verbose cli   'start' ]
2 info using npm@3.10.8
3 info using node@v6.9.1
4 verbose run-script [ 'prestart', 'start', 'poststart' ]
5 info lifecycle angular-phonecat@0.0.0~prestart: angular-phonecat@0.0.0
6 silly lifecycle angular-phonecat@0.0.0~prestart: no script for prestart, continuing
7 info lifecycle angular-phonecat@0.0.0~start: angular-phonecat@0.0.0
8 verbose lifecycle angular-phonecat@0.0.0~start: unsafe-perm in lifecycle true
9 verbose lifecycle angular-phonecat@0.0.0~start: PATH: c:\Program Files\nodejs\node_modules\npm\bin\node-gyp-bin;c:\Users\mohit.baveja\GitProjects\CodeQualityTool\node_modules\.bin;c:\Users\mohit.baveja\bin;.;C:\Program Files (x86)\Git\local\bin;C:\Program Files (x86)\Git\mingw\bin;C:\Program Files (x86)\Git\bin;C:\Program Files (x86)\Git\bin;%M2%;c:\Users\mohit.baveja\Downloads\dig-files3;C:\Program Files (x86)\Git\bin;c:\Program Files\Java\jdk1.7.0_79\bin;c:\Users\mohit.baveja\AppData\Roaming\npm;c:\Program Files\nodejs;c:\Python27;c:\Program Files (x86)\Microsoft SQL Server\100\Tools\Binn\;c:\Program Files\Microsoft SQL Server\100\Tools\Binn\;c:\Program Files\Microsoft SQL Server\100\DTS\Binn\;c:\Program Files\Microsoft Windows Performance Toolkit\;c:\Program Files\nodejs\;c:\Windows\System32\;c:\Users\mohit.baveja\Downloads\Softwares\apache-maven-3.3.3-bin\apache-maven-3.3.3\bin;c:\Users\mohit.baveja\Downloads\dig-files3;C:\Program Files (x86)\Git\bin;c:\Program Files\nodejs;c:\Program Files\Java\jdk1.7.0_79\bin;c:\Program Files (x86)\Microsoft VS Code\bin;c:\Users\mohit.baveja\AppData\Roaming\npm;c:\Windows\System32\
10 verbose lifecycle angular-phonecat@0.0.0~start: CWD: c:\Users\mohit.baveja\GitProjects\CodeQualityTool
11 silly lifecycle angular-phonecat@0.0.0~start: Args: [ '/d /s /c', 'http-server ./app -a localhost -p 8080 -c-1' ]
12 verbose stack Error: kill ENOSYS
12 verbose stack     at exports._errnoException (util.js:1026:11)
12 verbose stack     at process.kill (internal/process.js:172:13)
12 verbose stack     at process.listener (c:\Program Files\nodejs\node_modules\npm\node_modules\npmlog\node_modules\gauge\node_modules\signal-exit\index.js:86:15)
12 verbose stack     at emitNone (events.js:91:20)
12 verbose stack     at process.emit (events.js:185:7)
12 verbose stack     at processEmit (c:\Program Files\nodejs\node_modules\npm\node_modules\npmlog\node_modules\gauge\node_modules\signal-exit\index.js:146:32)
12 verbose stack     at processEmit (c:\Program Files\nodejs\node_modules\npm\node_modules\npm-registry-client\node_modules\npmlog\node_modules\gauge\node_modules\signal-exit\index.js:146:32)
12 verbose stack     at Signal.wrap.onsignal (internal/process.js:199:44)
13 verbose cwd c:\Users\mohit.baveja\GitProjects\CodeQualityTool
14 error Windows_NT 6.1.7601
15 error argv "c:\\Program Files\\nodejs\\node.exe" "c:\\Program Files\\nodejs\\node_modules\\npm\\bin\\npm-cli.js" "start"
16 error node v6.9.1
17 error npm  v3.10.8
18 error code ENOSYS
19 error errno ENOSYS
20 error syscall kill
21 error kill ENOSYS
22 error If you need help, you may report this error at:
22 error     <https://github.com/npm/npm/issues>
23 verbose exit [ 1, true ]
